<?xml version="1.0" encoding="UTF-8"?>
<testng-results skipped="0" failed="0" total="1" passed="1">
  <reporter-output>
  </reporter-output>
  <suite name="Suite" duration-ms="7674" started-at="2018-08-17T23:31:01Z" finished-at="2018-08-17T23:31:08Z">
    <groups>
    </groups>
    <test name="For Posts verify Create, read, update and delete operations." duration-ms="7674" started-at="2018-08-17T23:31:01Z" finished-at="2018-08-17T23:31:08Z">
      <class name="android.connection">
        <test-method status="PASS" signature="setUp()[pri:0, instance:android.connection@4b9e13df]" name="setUp" duration-ms="7619" started-at="2018-08-18T09:31:01Z" finished-at="2018-08-18T09:31:08Z">
          <reporter-output>
          </reporter-output>
        </test-method> <!-- setUp -->
      </class> <!-- android.connection -->
    </test> <!-- For Posts verify Create, read, update and delete operations. -->
  </suite> <!-- Suite -->
</testng-results>
